
=== Wed Jul  7 13:08:57 2021

Packages were changed.
Update Mode: mergeDefaultDependencies

The following packages were added:
  com.unity.collab-proxy@1.3.9
  com.unity.ide.rider@3.0.5
  com.unity.ide.visualstudio@2.0.7
  com.unity.ide.vscode@1.2.3
  com.unity.modules.ai@1.0.0
  com.unity.modules.androidjni@1.0.0
  com.unity.modules.animation@1.0.0
  com.unity.modules.assetbundle@1.0.0
  com.unity.modules.audio@1.0.0
  com.unity.modules.cloth@1.0.0
  com.unity.modules.director@1.0.0
  com.unity.modules.imageconversion@1.0.0
  com.unity.modules.imgui@1.0.0
  com.unity.modules.jsonserialize@1.0.0
  com.unity.modules.particlesystem@1.0.0
  com.unity.modules.physics@1.0.0
  com.unity.modules.physics2d@1.0.0
  com.unity.modules.screencapture@1.0.0
  com.unity.modules.terrain@1.0.0
  com.unity.modules.terrainphysics@1.0.0
  com.unity.modules.tilemap@1.0.0
  com.unity.modules.ui@1.0.0
  com.unity.modules.uielements@1.0.0
  com.unity.modules.umbra@1.0.0
  com.unity.modules.unityanalytics@1.0.0
  com.unity.modules.unitywebrequest@1.0.0
  com.unity.modules.unitywebrequestassetbundle@1.0.0
  com.unity.modules.unitywebrequestaudio@1.0.0
  com.unity.modules.unitywebrequesttexture@1.0.0
  com.unity.modules.unitywebrequestwww@1.0.0
  com.unity.modules.vehicles@1.0.0
  com.unity.modules.video@1.0.0
  com.unity.modules.vr@1.0.0
  com.unity.modules.wind@1.0.0
  com.unity.modules.xr@1.0.0
  com.unity.test-framework@1.1.24
  com.unity.textmeshpro@3.0.4
  com.unity.timeline@1.5.4
  com.unity.ugui@1.0.0
  com.unity.visualscripting@1.5.2
The following packages were updated:
  com.unity.2d.animation from version 5.0.1 to 6.0.1
  com.unity.2d.pixel-perfect from version 4.0.1 to 5.0.0
  com.unity.2d.psdimporter from version 4.0.1 to 5.0.1
  com.unity.2d.spriteshape from version 5.0.1 to 6.0.0

=== Wed Jul 14 10:24:44 2021

Packages were changed.
Update Mode: updateDependencies

The following packages were updated:
  com.unity.2d.animation from version 6.0.1 to 6.0.4
  com.unity.2d.psdimporter from version 5.0.1 to 5.0.4
  com.unity.2d.spriteshape from version 6.0.0 to 6.0.1
  com.unity.collab-proxy from version 1.3.9 to 1.5.7
  com.unity.ide.rider from version 3.0.5 to 3.0.7
  com.unity.ide.visualstudio from version 2.0.7 to 2.0.9
  com.unity.test-framework from version 1.1.24 to 1.1.27
  com.unity.textmeshpro from version 3.0.4 to 3.0.6
  com.unity.timeline from version 1.5.4 to 1.5.5
  com.unity.visualscripting from version 1.5.2 to 1.6.1

=== Wed Sep  1 17:21:03 2021

Packages were changed.
Update Mode: updateDependencies

The following packages were updated:
  com.unity.2d.animation from version 6.0.4 to 6.0.5
  com.unity.2d.pixel-perfect from version 5.0.0 to 5.0.1
  com.unity.collab-proxy from version 1.5.7 to 1.9.0
  com.unity.test-framework from version 1.1.27 to 1.1.29

=== Wed Nov  3 08:27:37 2021

Packages were changed.
Update Mode: updateDependencies

The following packages were updated:
  com.unity.collab-proxy from version 1.9.0 to 1.13.5

=== Wed Jan 11 22:06:41 2023

Packages were changed.
Update Mode: updateDependencies

The following packages were added:
  com.unity.ai.navigation@1.1.1
The following packages were updated:
  com.unity.2d.animation from version 6.0.5 to 9.0.1
  com.unity.2d.pixel-perfect from version 5.0.1 to 5.0.2
  com.unity.2d.psdimporter from version 5.0.6 to 8.0.1
  com.unity.2d.spriteshape from version 6.0.2 to 9.0.1
  com.unity.collab-proxy from version 1.13.5 to 1.17.7
  com.unity.ide.rider from version 3.0.12 to 3.0.16
  com.unity.ide.visualstudio from version 2.0.14 to 2.0.16
  com.unity.ide.vscode from version 1.2.4 to 1.2.5
  com.unity.mobile.android-logcat from version 1.2.3 to 1.3.2
  com.unity.test-framework from version 1.1.30 to 1.1.33
  com.unity.timeline from version 1.5.7 to 1.7.2
  com.unity.visualscripting from version 1.6.1 to 1.7.8

=== Tue Jan 17 08:45:58 2023

Packages were changed.
Update Mode: updateDependencies

The following packages were updated:
  com.unity.ide.rider from version 3.0.16 to 3.0.17
  com.unity.ide.visualstudio from version 2.0.16 to 2.0.17
  com.unity.visualscripting from version 1.7.8 to 1.8.0

=== Mon Jan 23 17:47:22 2023

Packages were changed.
Update Mode: updateDependencies

The following packages were updated:
  com.unity.2d.pixel-perfect from version 5.0.2 to 5.0.3
  com.unity.2d.psdimporter from version 8.0.1 to 8.0.2

=== Sat Jan 28 09:57:29 2023

Packages were changed.
Update Mode: updateDependencies

The following packages were updated:
  com.unity.collab-proxy from version 1.17.7 to 2.0.0
  com.unity.ide.rider from version 3.0.17 to 3.0.18

=== Wed Mar 29 09:10:12 2023

Packages were changed.
Update Mode: updateDependencies

The following packages were updated:
  com.unity.timeline from version 1.7.2 to 1.7.3

=== Wed Jul 12 15:42:51 2023

Packages were changed.
Update Mode: updateDependencies

The following packages were updated:
  com.unity.2d.animation from version 9.0.1 to 10.0.2
  com.unity.2d.psdimporter from version 8.0.2 to 9.0.0
  com.unity.2d.spriteshape from version 9.0.1 to 10.0.1
  com.unity.ai.navigation from version 1.1.1 to 1.1.4
  com.unity.collab-proxy from version 2.0.1 to 2.0.5
  com.unity.ide.rider from version 3.0.18 to 3.0.24
  com.unity.test-framework from version 1.1.33 to 1.3.7
  com.unity.timeline from version 1.7.3 to 1.8.2

=== Wed Jul  3 11:33:42 2024

Packages were changed.
Update Mode: updateDependencies

The following packages were added:
  com.unity.modules.accessibility@1.0.0
The following packages were updated:
  com.unity.2d.animation from version 10.0.2 to 10.1.1
  com.unity.2d.psdimporter from version 9.0.0 to 9.0.3
  com.unity.2d.spriteshape from version 10.0.1 to 10.0.4
  com.unity.ai.navigation from version 1.1.4 to 2.0.0
  com.unity.collab-proxy from version 2.0.5 to 2.3.1
  com.unity.ide.rider from version 3.0.24 to 3.0.28
  com.unity.ide.visualstudio from version 2.0.18 to 2.0.22
  com.unity.mobile.android-logcat from version 1.3.2 to 1.4.2
  com.unity.test-framework from version 1.3.7 to 1.4.4
  com.unity.timeline from version 1.8.2 to 1.8.6
  com.unity.ugui from version 1.0.0 to 2.0.0
  com.unity.visualscripting from version 1.8.0 to 1.9.4
The following packages were removed:
  com.unity.textmeshpro@3.0.6
